3/6/2026 9:43:48 PM	This log contains information about the import schema operation into project 'LogCorner.EduSync.Speech.Database' on computer 'VM-WIN-JUMPBOX' by user 'logcorner'.
3/6/2026 9:43:49 PM	Import of database schema has started.
3/6/2026 9:44:00 PM	Gathering database credentials
3/6/2026 9:44:00 PM	Gathering database options
3/6/2026 9:44:00 PM	Gathering generic database scoped configuration option
3/6/2026 9:44:00 PM	Gathering users
3/6/2026 9:44:00 PM	Gathering roles
3/6/2026 9:44:00 PM	Gathering application roles
3/6/2026 9:44:00 PM	Gathering role memberships
3/6/2026 9:44:00 PM	Gathering filegroups
3/6/2026 9:44:00 PM	Gathering full-text catalogs
3/6/2026 9:44:00 PM	Gathering assemblies
3/6/2026 9:44:00 PM	Gathering certificates
3/6/2026 9:44:00 PM	Gathering asymmetric keys
3/6/2026 9:44:00 PM	Gathering symmetric keys
3/6/2026 9:44:00 PM	Gathering encrypted symmetric keys
3/6/2026 9:44:00 PM	Gathering schemas
3/6/2026 9:44:00 PM	Gathering XML schema collections
3/6/2026 9:44:00 PM	Gathering user-defined data types
3/6/2026 9:44:00 PM	Gathering user-defined types
3/6/2026 9:44:00 PM	Gathering table types
3/6/2026 9:44:00 PM	Gathering unique keys for table types
3/6/2026 9:44:00 PM	Gathering primary keys for table types
3/6/2026 9:44:00 PM	Gathering indexes for table types
3/6/2026 9:44:00 PM	Gathering check constraints for table types
3/6/2026 9:44:00 PM	Gathering default constraints for table types
3/6/2026 9:44:00 PM	Gathering partition functions
3/6/2026 9:44:00 PM	Gathering partition schemes
3/6/2026 9:44:00 PM	Gathering functions
3/6/2026 9:44:00 PM	Gathering encrypted functions
3/6/2026 9:44:00 PM	Gathering aggregates
3/6/2026 9:44:00 PM	Gathering procedures
3/6/2026 9:44:00 PM	Gathering encrypted procedures
3/6/2026 9:44:00 PM	Gathering tables
3/6/2026 9:44:01 PM	Gathering primary keys
3/6/2026 9:44:01 PM	Gathering unique constraints
3/6/2026 9:44:01 PM	Gathering foreign keys
3/6/2026 9:44:01 PM	Gathering default constraints
3/6/2026 9:44:01 PM	Gathering check constraints
3/6/2026 9:44:01 PM	Gathering views
3/6/2026 9:44:01 PM	Gathering encrypted views
3/6/2026 9:44:01 PM	Gathering indexes
3/6/2026 9:44:01 PM	Gathering statistics
3/6/2026 9:44:01 PM	Gathering full-text index stoplists
3/6/2026 9:44:01 PM	Gathering search property lists
3/6/2026 9:44:01 PM	Gathering search properties
3/6/2026 9:44:01 PM	Gathering full-text indexes
3/6/2026 9:44:01 PM	Gathering column store indexes
3/6/2026 9:44:01 PM	Gathering spatial indexes
3/6/2026 9:44:01 PM	Gathering XML indexes
3/6/2026 9:44:01 PM	Gathering JSON indexes
3/6/2026 9:44:01 PM	Gathering Selective XML indexes
3/6/2026 9:44:01 PM	Gathering encrypted triggers
3/6/2026 9:44:01 PM	Gathering triggers
3/6/2026 9:44:01 PM	Gathering encrypted and clr ddl triggers
3/6/2026 9:44:01 PM	Gathering ddl triggers
3/6/2026 9:44:01 PM	Creating edge constraints
3/6/2026 9:44:01 PM	Gathering synonyms
3/6/2026 9:44:01 PM	Gathering defaults
3/6/2026 9:44:01 PM	Gathering data constraint uddt bindings
3/6/2026 9:44:01 PM	Gathering rules
3/6/2026 9:44:01 PM	Gathering data constraint uddt bindings
3/6/2026 9:44:01 PM	Gathering message types
3/6/2026 9:44:01 PM	Gathering queues
3/6/2026 9:44:01 PM	Gathering contracts
3/6/2026 9:44:01 PM	Gathering services
3/6/2026 9:44:01 PM	Gathering event notifications
3/6/2026 9:44:01 PM	Gathering remote service bindings
3/6/2026 9:44:01 PM	Gathering broker priorities
3/6/2026 9:44:01 PM	Gathering signatures
3/6/2026 9:44:01 PM	Gathering compression options
3/6/2026 9:44:01 PM	Gathering sequence types
3/6/2026 9:44:01 PM	Gathering security policies
3/6/2026 9:44:01 PM	Gather column encryption keys
3/6/2026 9:44:01 PM	Gathering column master keys
3/6/2026 9:44:01 PM	Gathering external data sources
3/6/2026 9:44:01 PM	Gathering external file formats
3/6/2026 9:44:01 PM	Gathering external models
3/6/2026 9:44:01 PM	Gathering external tables
3/6/2026 9:44:01 PM	Gathering XML index compression options
3/6/2026 9:44:01 PM	Gathering extended properties
3/6/2026 9:44:01 PM	Gathering assemblies
3/6/2026 9:44:01 PM	Gathering credentials
3/6/2026 9:44:01 PM	Gathering logins
3/6/2026 9:44:01 PM	Gathering server audits
3/6/2026 9:44:01 PM	Scanning project for duplicate elements
3/6/2026 9:44:01 PM	Finished duplicate element processing
3/6/2026 9:44:02 PM	Finished importing database.
3/6/2026 9:44:02 PM	A summary of the import was saved to the following location: C:\Users\logcorner\source\repos\LogCorner.EduSync.Speech\src\LogCorner.EduSync.Speech.Database\Import Schema Logs\LogCorner.EduSync.Sp_20260306094348.log
3/6/2026 9:44:02 PM	Click Finish to continue...
